' расчет давления в штуцере
Public Function MF_choke_q_sm3day( _
                     ByVal feed As String, _
                     ByVal d_choke_mm As Double, _
                     ByVal p_in_atma As Double, _
                     ByVal p_out_atma As Double, _
            Optional ByVal t_choke_C = 20, _
            Optional ByVal d_pipe_mm As Double = 70, _
            Optional ByVal calibr As Double = 1, _
            Optional ByVal param As String = "")
' feed         - закодированная строка с параметрами потока.
' d_choke_mm   - диаметр штуцера (эффективный)
' p_in_atma    - давление на входе в штуцер, атм.
'                высокая сторона
' p_out_atma   - давление на выходе из штуцера, атм.
'                низкая сторона
' t_choke_C    - температура потока, С.
' d_pipe_mm    - диаметр трубы до и после штуцера
' param        - параметры расчета json строка
' результат    - число - массив значений с параметрами штуцера
'                и давление на штуцере на расчетной стороне.
