' расчет газового фактора
' при котором достигается заданная доля газа в потоке
Public Function PVT_stream_rp_gas_fraction_m3m3( _
               ByVal free_gas_d As Double, _
               ByVal p_atma As Double, _
               ByVal t_C As Double, _
               ByVal PVT_stream As String, _
               ByVal PVT_prop As String, _
      Optional ByVal param As String = "", _
      Optional ByVal ksep_add_fr As Double = 0)
' free_gas_d - допустимая доля газа в потоке;
' t_C        - температура, С.
' PVT_stream - параметры потока флюидов, дебит, обводненность и пр
'              используйте encode_pvt_stream для генерации
' PVT_prop   - статичные свойства флюида - плотности rsb и пр
'              используйте encode_pvt_prop для генерации
' param      - параметры расчета и вывода результатов
' ksep_add_fr - коэффициент сепарации газа из потока
' результат  - массив, число - давление,
'              подпись, и лог расчета если подключен
